[debug] [2026-07-09T12:49:17.040Z] ----------------------------------------------------------------------
[debug] [2026-07-09T12:49:17.045Z] Command:       C:\Program Files\nodejs\node.exe C:\Users\hp\AppData\Roaming\npm\node_modules\firebase-tools\lib\bin\firebase.js deploy --only functions --debug
[debug] [2026-07-09T12:49:17.046Z] CLI Version:   15.22.4
[debug] [2026-07-09T12:49:17.046Z] Platform:      win32
[debug] [2026-07-09T12:49:17.046Z] Node Version:  v26.1.0
[debug] [2026-07-09T12:49:17.046Z] Detected Agent: unknown
[debug] [2026-07-09T12:49:17.047Z] Time:          Thu Jul 09 2026 12:49:17 GMT+0000 (heure moyenne de Greenwich)
[debug] [2026-07-09T12:49:17.047Z] ----------------------------------------------------------------------
[debug] 
[debug] [2026-07-09T12:49:22.435Z] > command requires scopes: ["email","openid","https://www.googleapis.com/auth/cloudplatformprojects.readonly","https://www.googleapis.com/auth/firebase","https://www.googleapis.com/auth/cloud-platform"]
[debug] [2026-07-09T12:49:22.437Z] > authorizing via signed-in user (diallosalifou462@gmail.com)
[debug] [2026-07-09T12:49:22.438Z] [iam] checking project agrimarche-24e37 for permissions ["cloudfunctions.functions.create","cloudfunctions.functions.delete","cloudfunctions.functions.get","cloudfunctions.functions.list","cloudfunctions.functions.update","cloudfunctions.operations.get","firebase.projects.get"]
[debug] [2026-07-09T12:49:22.441Z] Checked if tokens are valid: true, expires at: 1783602614009
[debug] [2026-07-09T12:49:22.442Z] Checked if tokens are valid: true, expires at: 1783602614009
[debug] [2026-07-09T12:49:22.445Z] >>> [apiv2][query] POST https://cloudresourcemanager.googleapis.com/v1/projects/agrimarche-24e37:testIamPermissions [none]
[debug] [2026-07-09T12:49:22.446Z] >>> [apiv2][(partial)header] POST https://cloudresourcemanager.googleapis.com/v1/projects/agrimarche-24e37:testIamPermissions  x-goog-user-project=agrimarche-24e37
[debug] [2026-07-09T12:49:22.446Z] >>> [apiv2][body] POST https://cloudresourcemanager.googleapis.com/v1/projects/agrimarche-24e37:testIamPermissions {"permissions":["cloudfunctions.functions.create","cloudfunctions.functions.delete","cloudfunctions.functions.get","cloudfunctions.functions.list","cloudfunctions.functions.update","cloudfunctions.operations.get","firebase.projects.get"]}
[debug] [2026-07-09T12:49:23.474Z] <<< [apiv2][status] POST https://cloudresourcemanager.googleapis.com/v1/projects/agrimarche-24e37:testIamPermissions 200
[debug] [2026-07-09T12:49:23.475Z] <<< [apiv2][body] POST https://cloudresourcemanager.googleapis.com/v1/projects/agrimarche-24e37:testIamPermissions {"permissions":["cloudfunctions.functions.create","cloudfunctions.functions.delete","cloudfunctions.functions.get","cloudfunctions.functions.list","cloudfunctions.functions.update","cloudfunctions.operations.get","firebase.projects.get"]}
[debug] [2026-07-09T12:49:23.476Z] Checked if tokens are valid: true, expires at: 1783602614009
[debug] [2026-07-09T12:49:23.476Z] Checked if tokens are valid: true, expires at: 1783602614009
[debug] [2026-07-09T12:49:23.477Z] >>> [apiv2][query] POST https://iam.googleapis.com/v1/projects/agrimarche-24e37/serviceAccounts/agrimarche-24e37@appspot.gserviceaccount.com:testIamPermissions [none]
[debug] [2026-07-09T12:49:23.477Z] >>> [apiv2][body] POST https://iam.googleapis.com/v1/projects/agrimarche-24e37/serviceAccounts/agrimarche-24e37@appspot.gserviceaccount.com:testIamPermissions {"permissions":["iam.serviceAccounts.actAs"]}
[debug] [2026-07-09T12:49:24.464Z] <<< [apiv2][status] POST https://iam.googleapis.com/v1/projects/agrimarche-24e37/serviceAccounts/agrimarche-24e37@appspot.gserviceaccount.com:testIamPermissions 200
[debug] [2026-07-09T12:49:24.464Z] <<< [apiv2][body] POST https://iam.googleapis.com/v1/projects/agrimarche-24e37/serviceAccounts/agrimarche-24e37@appspot.gserviceaccount.com:testIamPermissions {"permissions":["iam.serviceAccounts.actAs"]}
[info] 
[info] === Deploying to 'agrimarche-24e37'...
[info] 
[info] i  deploying functions 
[debug] [2026-07-09T12:49:24.473Z] Checked if tokens are valid: true, expires at: 1783602614009
[debug] [2026-07-09T12:49:24.473Z] Checked if tokens are valid: true, expires at: 1783602614009
[debug] [2026-07-09T12:49:24.474Z] >>> [apiv2][query] GET https://cloudresourcemanager.googleapis.com/v1/projects/agrimarche-24e37 [none]
[debug] [2026-07-09T12:49:24.751Z] <<< [apiv2][status] GET https://cloudresourcemanager.googleapis.com/v1/projects/agrimarche-24e37 200
[debug] [2026-07-09T12:49:24.752Z] <<< [apiv2][body] GET https://cloudresourcemanager.googleapis.com/v1/projects/agrimarche-24e37 {"projectNumber":"21462709831","projectId":"agrimarche-24e37","lifecycleState":"ACTIVE","name":"Agrimarche","labels":{"firebase":"enabled","firebase-core":"disabled"},"createTime":"2026-05-17T07:03:05.696Z"}
[info] i  functions: preparing codebase default for deployment 
[info] i  functions: ensuring required API cloudfunctions.googleapis.com is enabled... 
[info] i  functions: ensuring required API cloudbuild.googleapis.com is enabled... 
[info] i  artifactregistry: ensuring required API artifactregistry.googleapis.com is enabled... 
[debug] [2026-07-09T12:49:24.763Z] Checked if tokens are valid: true, expires at: 1783602614009
[debug] [2026-07-09T12:49:24.768Z] Checked if tokens are valid: true, expires at: 1783602614009
[debug] [2026-07-09T12:49:24.769Z] >>> [apiv2][query] GET https://firebase.googleapis.com/v1beta1/projects/agrimarche-24e37/adminSdkConfig [none]
[debug] [2026-07-09T12:49:25.384Z] <<< [apiv2][status] GET https://firebase.googleapis.com/v1beta1/projects/agrimarche-24e37/adminSdkConfig 200
[debug] [2026-07-09T12:49:25.385Z] <<< [apiv2][body] GET https://firebase.googleapis.com/v1beta1/projects/agrimarche-24e37/adminSdkConfig {"projectId":"agrimarche-24e37","storageBucket":"agrimarche-24e37.firebasestorage.app"}
[debug] [2026-07-09T12:49:25.386Z] Checked if tokens are valid: true, expires at: 1783602614009
[debug] [2026-07-09T12:49:25.386Z] Checked if tokens are valid: true, expires at: 1783602614009
[debug] [2026-07-09T12:49:25.387Z] >>> [apiv2][query] GET https://runtimeconfig.googleapis.com/v1beta1/projects/agrimarche-24e37/configs [none]
[debug] [2026-07-09T12:49:26.004Z] <<< [apiv2][status] GET https://runtimeconfig.googleapis.com/v1beta1/projects/agrimarche-24e37/configs 200
[debug] [2026-07-09T12:49:26.004Z] <<< [apiv2][body] GET https://runtimeconfig.googleapis.com/v1beta1/projects/agrimarche-24e37/configs {}
[debug] [2026-07-09T12:49:26.006Z] Validating nodejs source
[debug] [2026-07-09T12:49:36.110Z] checkFunctionsSDKVersion was unable to fetch information from NPM Error: spawnSync C:\Windows\system32\cmd.exe ETIMEDOUT
    at Object.spawnSync (node:internal/child_process:1127:20)
    at Object.spawnSync (node:child_process:911:24)
    at spawn.spawnSync [as sync] (C:\Users\hp\AppData\Roaming\npm\node_modules\firebase-tools\node_modules\cross-spawn\index.js:26:23)
    at Object.getLatestSDKVersion (C:\Users\hp\AppData\Roaming\npm\node_modules\firebase-tools\lib\deploy\functions\runtimes\node\versioning.js:55:25)
    at Object.checkFunctionsSDKVersion (C:\Users\hp\AppData\Roaming\npm\node_modules\firebase-tools\lib\deploy\functions\runtimes\node\versioning.js:74:32)
    at Delegate.validate (C:\Users\hp\AppData\Roaming\npm\node_modules\firebase-tools\lib\deploy\functions\runtimes\node\index.js:88:20)
    at loadCodebases (C:\Users\hp\AppData\Roaming\npm\node_modules\firebase-tools\lib\deploy\functions\prepare.js:385:31)
    at async prepare (C:\Users\hp\AppData\Roaming\npm\node_modules\firebase-tools\lib\deploy\functions\prepare.js:74:24)
    at async chain (C:\Users\hp\AppData\Roaming\npm\node_modules\firebase-tools\lib\deploy\index.js:45:9)
    at async deploy (C:\Users\hp\AppData\Roaming\npm\node_modules\firebase-tools\lib\deploy\index.js:124:9)
[debug] [2026-07-09T12:49:36.111Z] > [functions] package.json contents: {
  "name": "functions",
  "version": "1.0.0",
  "main": "lib/index.js",
  "type": "commonjs",
  "engines": {
    "node": "22"
  },
  "scripts": {
    "build": "tsc",
    "serve": "npm run build && firebase emulators:start --only functions",
    "deploy": "firebase deploy --only functions",
    "clean": "rimraf lib"
  },
  "dependencies": {
    "firebase-admin": "^12.0.0",
    "firebase-functions": "^5.0.0",
    "resend": "^6.12.4"
  },
  "devDependencies": {
    "typescript": "^5.0.0",
    "rimraf": "^6.0.1"
  }
}
[debug] [2026-07-09T12:49:36.112Z] Building nodejs source
[info] i  functions: Loading and analyzing source code for codebase default to determine what to deploy 
[debug] [2026-07-09T12:49:36.115Z] Could not find functions.yaml. Must use http discovery
[debug] [2026-07-09T12:49:36.183Z] Found firebase-functions binary at 'C:\Users\hp\Desktop\AGRIMARCHE_FINAL_BUILD\AGRIMARCHE_ULTRA\functions\node_modules\.bin\firebase-functions'
[debug] [2026-07-09T12:49:46.293Z] Failed to call quitquitquit. This often means the server failed to start request to http://localhost:8780/__/quitquitquit failed, reason:  {"message":"request to http://localhost:8780/__/quitquitquit failed, reason: ","type":"system","errno":"ECONNREFUSED","code":"ECONNREFUSED"}
[info] Serving at port 8780

[error] 
[error] Error: User code failed to load. Cannot determine backend specification. Timeout after 10000. See https://firebase.google.com/docs/functions/tips#avoid_deployment_timeouts_during_initialization'
